[echo -n] works
Configuring for [rgrep]
checking out the C compiler
-rwxr-xr-x   1 orc     users       6936 Apr  1 08:34 ngc82646
-rw-r--r--   1 orc     users         61 Apr  1 08:34 ngc82646.c
Looking for cpp
CPP=[cc], CPPFLAGS=[-E -g]
looking for install
 (/usr/bin/install)
looking for header stdlib.h
 (found)
looking for the alloca function
ngc82646.c:2: alloca.h: No such file or directory
looking for the mmap function
looking for the fgetln function
checking that struct dirent has a d_namlen field
looking for the basename function
looking for header libgen.h
 (found)
Looking for the tgetent function
looking for the tgetent function
/tmp/cc86mAsW.o: In function `main':
/home/orc/Src/rgrep/ngc82646.c(.text+0x7): undefined reference to `tgetent'
offending command was:
void tgetent();
int main()
{

    tgetent();
}
cc -g -g -o ngc82646 ngc82646.c 
looking for the tgetent function
 (in -lncurses)
looking for the mvcur function
looking for header term.h
 (found)
find is /usr/bin/find
/bin/ln exists, and ln -s works
sed is /usr/bin/sed
generating Makefile
generating regex/Makefile
generating rgrep.1
